Using pre-set license
Built from '2021.3/staging' branch; Version is '2021.3.31f1 (3409e2af086f) revision 3410402'; Using compiler version '192829333'; Build Type 'Release'
OS: 'Windows 11  (10.0.22621) 64bit Core' Language: 'en' Physical Memory: 8075 MB
BatchMode: 1, IsHumanControllingUs: 0, StartBugReporterOnCrash: 0, Is64bit: 1, IsPro: 1

COMMAND LINE ARGUMENTS:
D:\UnityHub\2021.3.31f1\Editor\Unity.exe
-adb2
-batchMode
-noUpm
-name
AssetImportWorker7
-projectPath
D:/Facultate/An3_sem1/IMR/Ancient_Temple_Quest/Ancient_Temple_Quest_Unity
-logFile
Logs/AssetImportWorker7.log
-srvPort
50260
Successfully changed project path to: D:/Facultate/An3_sem1/IMR/Ancient_Temple_Quest/Ancient_Temple_Quest_Unity
D:/Facultate/An3_sem1/IMR/Ancient_Temple_Quest/Ancient_Temple_Quest_Unity
[UnityMemory] Configuration Parameters - Can be set up in boot.config
    "memorysetup-bucket-allocator-granularity=16"
    "memorysetup-bucket-allocator-bucket-count=8"
    "memorysetup-bucket-allocator-block-size=33554432"
    "memorysetup-bucket-allocator-block-count=8"
    "memorysetup-main-allocator-block-size=16777216"
    "memorysetup-thread-allocator-block-size=16777216"
    "memorysetup-gfx-main-allocator-block-size=16777216"
    "memorysetup-gfx-thread-allocator-block-size=16777216"
    "memorysetup-cache-allocator-block-size=4194304"
    "memorysetup-typetree-allocator-block-size=2097152"
    "memorysetup-profiler-bucket-allocator-granularity=16"
    "memorysetup-profiler-bucket-allocator-bucket-count=8"
    "memorysetup-profiler-bucket-allocator-block-size=33554432"
    "memorysetup-profiler-bucket-allocator-block-count=8"
    "memorysetup-profiler-allocator-block-size=16777216"
    "memorysetup-profiler-editor-allocator-block-size=1048576"
    "memorysetup-temp-allocator-size-main=16777216"
    "memorysetup-job-temp-allocator-block-size=2097152"
    "memorysetup-job-temp-allocator-block-size-background=1048576"
    "memorysetup-job-temp-allocator-reduction-small-platforms=262144"
    "memorysetup-temp-allocator-size-background-worker=32768"
    "memorysetup-temp-allocator-size-job-worker=262144"
    "memorysetup-temp-allocator-size-preload-manager=33554432"
    "memorysetup-temp-allocator-size-nav-mesh-worker=65536"
    "memorysetup-temp-allocator-size-audio-worker=65536"
    "memorysetup-temp-allocator-size-cloud-worker=32768"
    "memorysetup-temp-allocator-size-gi-baking-worker=262144"
    "memorysetup-temp-allocator-size-gfx=262144"
Player connection [20876] Host "[IP] 192.168.56.1 [Port] 0 [Flags] 2 [Guid] 4229256529 [EditorId] 4229256529 [Version] 1048832 [Id] WindowsEditor(7,DESKTOP-DR9B49O) [Debug] 1 [PackageName] WindowsEditor [ProjectName] Editor" joined multi-casting on [225.0.0.222:54997]...

Player connection [20876] Host "[IP] 192.168.56.1 [Port] 0 [Flags] 2 [Guid] 4229256529 [EditorId] 4229256529 [Version] 1048832 [Id] WindowsEditor(7,DESKTOP-DR9B49O) [Debug] 1 [PackageName] WindowsEditor [ProjectName] Editor" joined alternative multi-casting on [225.0.0.222:34997]...

[Physics::Module] Initialized MultithreadedJobDispatcher with {0} workers.
Refreshing native plugins compatible for Editor in 415.15 ms, found 3 plugins.
Preloading 0 native plugins for Editor in 0.00 ms.
Initialize engine version: 2021.3.31f1 (3409e2af086f)
[Subsystems] Discovering subsystems at path D:/UnityHub/2021.3.31f1/Editor/Data/Resources/UnitySubsystems
[Subsystems] Discovering subsystems at path D:/Facultate/An3_sem1/IMR/Ancient_Temple_Quest/Ancient_Temple_Quest_Unity/Assets
GfxDevice: creating device client; threaded=0; jobified=0
Direct3D:
    Version:  Direct3D 11.0 [level 11.1]
    Renderer: Intel(R) UHD Graphics 620 (ID=0x5917)
    Vendor:   Intel
    VRAM:     4037 MB
    Driver:   27.20.100.8682
Initialize mono
Mono path[0] = 'D:/UnityHub/2021.3.31f1/Editor/Data/Managed'
Mono path[1] = 'D:/UnityHub/2021.3.31f1/Editor/Data/MonoBleedingEdge/lib/mono/unityjit-win32'
Mono config path = 'D:/UnityHub/2021.3.31f1/Editor/Data/MonoBleedingEdge/etc'
Using monoOptions --debugger-agent=transport=dt_socket,embedding=1,server=y,suspend=n,address=127.0.0.1:56148
Begin MonoManager ReloadAssembly
Registering precompiled unity dll's ...
Register platform support module: D:/UnityHub/2021.3.31f1/Editor/Data/PlaybackEngines/WindowsStandaloneSupport/UnityEditor.WindowsStandalone.Extensions.dll
Registered in 0.004568 seconds.
Native extension for WindowsStandalone target not found
Refreshing native plugins compatible for Editor in 225.56 ms, found 3 plugins.
Preloading 0 native plugins for Editor in 0.00 ms.
Mono: successfully reloaded assembly
- Completed reload, in  2.476 seconds
Domain Reload Profiling:
	ReloadAssembly (2477ms)
		BeginReloadAssembly (1174ms)
			ExecutionOrderSort (0ms)
			DisableScriptedObjects (0ms)
			BackupInstance (0ms)
			ReleaseScriptingObjects (0ms)
			CreateAndSetChildDomain (2ms)
		EndReloadAssembly (1121ms)
			LoadAssemblies (1172ms)
			RebuildTransferFunctionScriptingTraits (0ms)
			SetupTypeCache (281ms)
			ReleaseScriptCaches (0ms)
			RebuildScriptCaches (123ms)
			SetupLoadedEditorAssemblies (618ms)
				LogAssemblyErrors (0ms)
				InitializePlatformSupportModulesInManaged (13ms)
				SetLoadedEditorAssemblies (0ms)
				RefreshPlugins (226ms)
				BeforeProcessingInitializeOnLoad (2ms)
				ProcessInitializeOnLoadAttributes (291ms)
				ProcessInitializeOnLoadMethodAttributes (86ms)
				AfterProcessingInitializeOnLoad (0ms)
				EditorAssembliesLoaded (0ms)
			ExecutionOrderSort2 (0ms)
			AwakeInstancesAfterBackupRestoration (0ms)
Platform modules already initialized, skipping
Registering precompiled user dll's ...
Registered in 0.507040 seconds.
Begin MonoManager ReloadAssembly
Native extension for WindowsStandalone target not found
Refreshing native plugins compatible for Editor in 315.09 ms, found 3 plugins.
Preloading 0 native plugins for Editor in 0.00 ms.
Package Manager log level set to [2]
[Package Manager] Server::EnsureServerProcessIsRunning -- launch failed, reason: Unity was launched with the -noUpm command-line argument
[Package Manager] Cannot connect to Unity Package Manager local server
Mono: successfully reloaded assembly
- Completed reload, in 10.561 seconds
Domain Reload Profiling:
	ReloadAssembly (10564ms)
		BeginReloadAssembly (1793ms)
			ExecutionOrderSort (0ms)
			DisableScriptedObjects (30ms)
			BackupInstance (0ms)
			ReleaseScriptingObjects (1ms)
			CreateAndSetChildDomain (67ms)
		EndReloadAssembly (8175ms)
			LoadAssemblies (4087ms)
			RebuildTransferFunctionScriptingTraits (0ms)
			SetupTypeCache (1698ms)
			ReleaseScriptCaches (12ms)
			RebuildScriptCaches (467ms)
			SetupLoadedEditorAssemblies (3095ms)
				LogAssemblyErrors (0ms)
				InitializePlatformSupportModulesInManaged (7ms)
				SetLoadedEditorAssemblies (0ms)
				RefreshPlugins (315ms)
				BeforeProcessingInitializeOnLoad (194ms)
				ProcessInitializeOnLoadAttributes (2188ms)
				ProcessInitializeOnLoadMethodAttributes (384ms)
				AfterProcessingInitializeOnLoad (6ms)
				EditorAssembliesLoaded (0ms)
			ExecutionOrderSort2 (0ms)
			AwakeInstancesAfterBackupRestoration (18ms)
Platform modules already initialized, skipping
========================================================================
Worker process is ready to serve import requests
Launched and connected shader compiler UnityShaderCompiler.exe after 0.81 seconds
Refreshing native plugins compatible for Editor in 2.35 ms, found 3 plugins.
Preloading 0 native plugins for Editor in 0.00 ms.
Unloading 5743 Unused Serialized files (Serialized files now loaded: 0)
Unloading 50 unused Assets / (0.8 MB). Loaded Objects now: 6196.
Memory consumption went from 227.7 MB to 226.9 MB.
Total: 11.017900 ms (FindLiveObjects: 0.863400 ms CreateObjectMapping: 0.841700 ms MarkObjects: 8.524800 ms  DeleteObjects: 0.786000 ms)

AssetImportParameters requested are different than current active one (requested -> active):
  custom:video-decoder-ogg-theora: a1e56fd34408186e4bbccfd4996cb3dc -> 
  custom:container-muxer-webm: aa71ff27fc2769a1b78a27578f13a17b -> 
  custom:container-demuxer-webm: 4f35f7cbe854078d1ac9338744f61a02 -> 
  custom:video-encoder-webm-vp8: eb34c28f22e8b96e1ab97ce403110664 -> 
  custom:CustomObjectIndexerAttribute: 6b0e35c9178b02a6363f3721b7b8e397 -> 
  custom:audio-encoder-webm-vorbis: bf7c407c2cedff20999df2af8eb42d56 -> 
  custom:framework-win-MediaFoundation: 216162199b28c13a410421893ffa2e32 -> 
  custom:SearchIndexIgnoredProperties: e643bd26f0fe6173181afceb89e7c659 -> 
  custom:container-demuxer-ogg: 62fdf1f143b41e24485cea50d1cbac27 -> 
  custom:video-decoder-webm-vp8: 9c59270c3fd7afecdb556c50c9e8de78 -> 
  custom:audio-decoder-ogg-vorbis: bf7c407c2cedff20999df2af8eb42d56 -> 
========================================================================
Received Import Request.
  Time since last request: 939.179542 seconds.
  path: Assets/(P&W)Temple_Edition/FBX/Materials/unnamed.mat
  artifactKey: Guid(c9fb0dfd5001bba47919d508aa959a5d) Importer(815301076,1909f56bfc062723c751e8b465ee728b)
Number of updated assets reloaded before import = 0
Start importing Assets/(P&W)Temple_Edition/FBX/Materials/unnamed.mat using Guid(c9fb0dfd5001bba47919d508aa959a5d) Importer(815301076,1909f56bfc062723c751e8b465ee728b)  -> (artifact id: '44f2797d914e630a9bcac9f1cb46858e') in 0.888072 seconds 
Number of asset objects unloaded after import = 1
========================================================================
Received Import Request.
  Time since last request: 0.816699 seconds.
  path: Assets/(P&W)Temple_Edition/FBX/Materials/Walls_1.mat
  artifactKey: Guid(0cd985ee169a4c44dbf784a416270ea1) Importer(815301076,1909f56bfc062723c751e8b465ee728b)
Number of updated assets reloaded before import = 0
Start importing Assets/(P&W)Temple_Edition/FBX/Materials/Walls_1.mat using Guid(0cd985ee169a4c44dbf784a416270ea1) Importer(815301076,1909f56bfc062723c751e8b465ee728b)  -> (artifact id: '1cbd893ab96971ab53354903992d02b8') in 0.324894 seconds 
Number of asset objects unloaded after import = 3
========================================================================
Received Import Request.
  Time since last request: 12250.250796 seconds.
  path: Assets/(P&W)Temple_Edition/Prefabs/High_Detailed/Platforms/HD_Platform_1A.prefab
  artifactKey: Guid(af7b8785698bb30479cdffb3d749add9) Importer(815301076,1909f56bfc062723c751e8b465ee728b)
Number of updated assets reloaded before import = 0
Start importing Assets/(P&W)Temple_Edition/Prefabs/High_Detailed/Platforms/HD_Platform_1A.prefab using Guid(af7b8785698bb30479cdffb3d749add9) Importer(815301076,1909f56bfc062723c751e8b465ee728b)  -> (artifact id: '3731e2ce9d3267b4317c08b60ff440de') in 4.715567 seconds 
Number of asset objects unloaded after import = 11
========================================================================
Received Import Request.
  Time since last request: 0.000512 seconds.
  path: Assets/(P&W)Temple_Edition/Prefabs/High_Detailed/Platforms/HD_Platform_2C.prefab
  artifactKey: Guid(b092236ab89219c47a28ca3f5d3412f8) Importer(815301076,1909f56bfc062723c751e8b465ee728b)
Number of updated assets reloaded before import = 0
Start importing Assets/(P&W)Temple_Edition/Prefabs/High_Detailed/Platforms/HD_Platform_2C.prefab using Guid(b092236ab89219c47a28ca3f5d3412f8) Importer(815301076,1909f56bfc062723c751e8b465ee728b)  -> (artifact id: '0ef0e65ab4b9d373bccf86450d78005c') in 0.073103 seconds 
Number of asset objects unloaded after import = 11
========================================================================
Received Import Request.
  Time since last request: 0.000130 seconds.
  path: Assets/(P&W)Temple_Edition/Prefabs/High_Detailed/Platforms/HD_Platform_1C.prefab
  artifactKey: Guid(5e22c8193a7620c428358b6f25d6c3f6) Importer(815301076,1909f56bfc062723c751e8b465ee728b)
Number of updated assets reloaded before import = 0
Start importing Assets/(P&W)Temple_Edition/Prefabs/High_Detailed/Platforms/HD_Platform_1C.prefab using Guid(5e22c8193a7620c428358b6f25d6c3f6) Importer(815301076,1909f56bfc062723c751e8b465ee728b)  -> (artifact id: '8c3fceb7621f97e69bdeb88eac74bf2a') in 0.060392 seconds 
Number of asset objects unloaded after import = 11
========================================================================
Received Import Request.
  Time since last request: 0.000074 seconds.
  path: Assets/(P&W)Temple_Edition/Prefabs/High_Detailed/Platforms/HD_Platform_5A.prefab
  artifactKey: Guid(526f8b42dddfb824e8e1cb25a3ca8964) Importer(815301076,1909f56bfc062723c751e8b465ee728b)
Number of updated assets reloaded before import = 0
Start importing Assets/(P&W)Temple_Edition/Prefabs/High_Detailed/Platforms/HD_Platform_5A.prefab using Guid(526f8b42dddfb824e8e1cb25a3ca8964) Importer(815301076,1909f56bfc062723c751e8b465ee728b)  -> (artifact id: 'c17470082946058379d6a5d80ca2a4d3') in 0.079752 seconds 
Number of asset objects unloaded after import = 11
========================================================================
Received Import Request.
  Time since last request: 0.000035 seconds.
  path: Assets/(P&W)Temple_Edition/Prefabs/High_Detailed/Platforms/HD_Platform_6A.prefab
  artifactKey: Guid(334d02345cc1cb44baff16df3273a9b7) Importer(815301076,1909f56bfc062723c751e8b465ee728b)
Number of updated assets reloaded before import = 0
Start importing Assets/(P&W)Temple_Edition/Prefabs/High_Detailed/Platforms/HD_Platform_6A.prefab using Guid(334d02345cc1cb44baff16df3273a9b7) Importer(815301076,1909f56bfc062723c751e8b465ee728b)  -> (artifact id: 'b631604f9b9bc335c9e774eef71c4a04') in 0.098696 seconds 
Number of asset objects unloaded after import = 11
========================================================================
Received Import Request.
  Time since last request: 0.000016 seconds.
  path: Assets/(P&W)Temple_Edition/Prefabs/High_Detailed/Platforms/HD_Platform_2B.prefab
  artifactKey: Guid(90af3ab726a8e6a448c6c01d38d99bc8) Importer(815301076,1909f56bfc062723c751e8b465ee728b)
Number of updated assets reloaded before import = 0
Start importing Assets/(P&W)Temple_Edition/Prefabs/High_Detailed/Platforms/HD_Platform_2B.prefab using Guid(90af3ab726a8e6a448c6c01d38d99bc8) Importer(815301076,1909f56bfc062723c751e8b465ee728b)  -> (artifact id: '3b5bc955aec9d565859494fde26b542e') in 0.100941 seconds 
Number of asset objects unloaded after import = 11
========================================================================
Received Import Request.
  Time since last request: 0.000034 seconds.
  path: Assets/(P&W)Temple_Edition/Prefabs/High_Detailed/Platforms/HD_Platform_3A.prefab
  artifactKey: Guid(73292deef85e2b845b6028dfda0da7e9) Importer(815301076,1909f56bfc062723c751e8b465ee728b)
Number of updated assets reloaded before import = 0
Start importing Assets/(P&W)Temple_Edition/Prefabs/High_Detailed/Platforms/HD_Platform_3A.prefab using Guid(73292deef85e2b845b6028dfda0da7e9) Importer(815301076,1909f56bfc062723c751e8b465ee728b)  -> (artifact id: '05d20d5031d4c04e92e14d830fe15be9') in 0.104160 seconds 
Number of asset objects unloaded after import = 11
========================================================================
Received Import Request.
  Time since last request: 25.264891 seconds.
  path: Assets/(P&W)Temple_Edition/Prefabs/High_Detailed/Archs/HD_Arch_1B.prefab
  artifactKey: Guid(db688fe8c5d51cf4cb850204a7fbc393) Importer(815301076,1909f56bfc062723c751e8b465ee728b)
Number of updated assets reloaded before import = 0
Start importing Assets/(P&W)Temple_Edition/Prefabs/High_Detailed/Archs/HD_Arch_1B.prefab using Guid(db688fe8c5d51cf4cb850204a7fbc393) Importer(815301076,1909f56bfc062723c751e8b465ee728b)  -> (artifact id: 'cad2f0208b965e9893cb1f2d7e773108') in 0.204450 seconds 
Number of asset objects unloaded after import = 11
========================================================================
Received Import Request.
  Time since last request: 0.000020 seconds.
  path: Assets/(P&W)Temple_Edition/Prefabs/High_Detailed/Archs/HD_Tunnel_1D.prefab
  artifactKey: Guid(d4a668cfb2cdaa44f8589f9c07e69164) Importer(815301076,1909f56bfc062723c751e8b465ee728b)
Number of updated assets reloaded before import = 0
Start importing Assets/(P&W)Temple_Edition/Prefabs/High_Detailed/Archs/HD_Tunnel_1D.prefab using Guid(d4a668cfb2cdaa44f8589f9c07e69164) Importer(815301076,1909f56bfc062723c751e8b465ee728b)  -> (artifact id: '40f9c2376ecc866c3e7df024697ce596') in 0.229651 seconds 
Number of asset objects unloaded after import = 11
========================================================================
Received Import Request.
  Time since last request: 0.000032 seconds.
  path: Assets/(P&W)Temple_Edition/Prefabs/High_Detailed/Archs/HD_Tunnel_1C.prefab
  artifactKey: Guid(fd87d5fa99b0145478a0da52d045d96d) Importer(815301076,1909f56bfc062723c751e8b465ee728b)
Number of updated assets reloaded before import = 0
Start importing Assets/(P&W)Temple_Edition/Prefabs/High_Detailed/Archs/HD_Tunnel_1C.prefab using Guid(fd87d5fa99b0145478a0da52d045d96d) Importer(815301076,1909f56bfc062723c751e8b465ee728b)  -> (artifact id: '46bacc83ff9d9ffbd70ec4e360178a7b') in 0.066729 seconds 
Number of asset objects unloaded after import = 11
========================================================================
Received Import Request.
  Time since last request: 0.000031 seconds.
  path: Assets/(P&W)Temple_Edition/Prefabs/High_Detailed/Archs/HD_Arch_2B.prefab
  artifactKey: Guid(34620a9cd9f072743bea0e40b0801577) Importer(815301076,1909f56bfc062723c751e8b465ee728b)
Number of updated assets reloaded before import = 0
Start importing Assets/(P&W)Temple_Edition/Prefabs/High_Detailed/Archs/HD_Arch_2B.prefab using Guid(34620a9cd9f072743bea0e40b0801577) Importer(815301076,1909f56bfc062723c751e8b465ee728b)  -> (artifact id: '41a38b60c506cd786a1a0cf9173ba75b') in 0.139858 seconds 
Number of asset objects unloaded after import = 11
========================================================================
Received Import Request.
  Time since last request: 0.000055 seconds.
  path: Assets/(P&W)Temple_Edition/Prefabs/High_Detailed/Archs/HD_Tunnel_Ramp_2B.prefab
  artifactKey: Guid(5836201d327591f48a259958969e89fb) Importer(815301076,1909f56bfc062723c751e8b465ee728b)
Number of updated assets reloaded before import = 0
Start importing Assets/(P&W)Temple_Edition/Prefabs/High_Detailed/Archs/HD_Tunnel_Ramp_2B.prefab using Guid(5836201d327591f48a259958969e89fb) Importer(815301076,1909f56bfc062723c751e8b465ee728b)  -> (artifact id: '3e7fdceb5727f931cc36f33ca8b24c4d') in 3.185247 seconds 
Number of asset objects unloaded after import = 40
Editor requested this worker to shutdown with reason: Scaling down because of idle timeout
AssetImportWorker is now disconnected from the server
Process exiting
Exiting without the bug reporter. Application will terminate with return code 0